2026-02-16 21:59:34,286 - INFO - Initializing ChromaDB Embedding Pipeline...
2026-02-16 21:59:34,400 - INFO - Collection Statistics:
2026-02-16 21:59:34,404 - INFO - error: No documents in collection
2026-02-18 11:12:18,343 - INFO - Initializing ChromaDB Embedding Pipeline...
2026-02-18 11:18:14,118 - INFO - Initializing ChromaDB Embedding Pipeline...
2026-02-18 11:32:49,600 - INFO - Initializing ChromaDB Embedding Pipeline...
2026-02-18 11:35:05,046 - INFO - Initializing ChromaDB Embedding Pipeline...
2026-02-18 11:36:04,020 - INFO - Initializing ChromaDB Embedding Pipeline...
2026-02-18 15:22:48,301 - INFO - Initializing ChromaDB Embedding Pipeline...
2026-02-18 15:26:26,676 - INFO - Initializing ChromaDB Embedding Pipeline...
2026-02-18 15:26:26,783 - INFO - Collection Statistics:
2026-02-18 15:26:26,788 - INFO - error: No documents in collection
2026-02-18 15:42:00,794 - INFO - Initializing ChromaDB Embedding Pipeline...
2026-02-18 15:42:00,904 - INFO - Collection Statistics:
2026-02-18 15:42:00,910 - INFO - error: No documents in collection
2026-02-18 15:43:34,193 - INFO - Initializing ChromaDB Embedding Pipeline...
2026-02-18 15:43:34,313 - INFO - Collection Statistics:
2026-02-18 15:43:34,317 - INFO - error: No documents in collection
2026-02-18 15:44:50,714 - INFO - Initializing ChromaDB Embedding Pipeline...
2026-02-18 15:44:50,835 - INFO - Collection Statistics:
2026-02-18 15:44:50,839 - INFO - error: No documents in collection
2026-02-18 15:45:34,490 - INFO - Initializing ChromaDB Embedding Pipeline...
2026-02-18 15:45:34,595 - INFO - Collection Statistics:
2026-02-18 15:45:34,598 - ERROR - Error getting collection stats: 'dict' object has no attribute 'name'
2026-02-18 15:45:34,598 - INFO - error: 'dict' object has no attribute 'name'
2026-02-18 15:46:53,683 - INFO - Initializing ChromaDB Embedding Pipeline...
2026-02-18 15:48:50,911 - INFO - Initializing ChromaDB Embedding Pipeline...
2026-02-18 15:53:37,924 - INFO - Initializing ChromaDB Embedding Pipeline...
2026-02-18 16:25:39,388 - INFO - Initializing ChromaDB Embedding Pipeline...
2026-02-19 00:08:13,121 - INFO - Initializing ChromaDB Embedding Pipeline...
2026-02-19 00:09:33,189 - INFO - Initializing ChromaDB Embedding Pipeline...
2026-02-23 15:04:44,061 - INFO - Initializing ChromaDB Embedding Pipeline...
2026-02-23 15:04:44,157 - INFO - Collection Statistics:
2026-02-23 15:04:44,157 - ERROR - Error getting collection stats: 'ChromaEmbeddingPipelineTextOnly' object has no attribute 'collection'
2026-02-23 15:04:44,157 - INFO - error: 'ChromaEmbeddingPipelineTextOnly' object has no attribute 'collection'
2026-02-23 15:05:48,929 - INFO - Initializing ChromaDB Embedding Pipeline...
2026-02-23 15:05:48,982 - INFO - Collection Statistics:
2026-02-23 15:05:48,982 - ERROR - Error getting collection stats: 'ChromaEmbeddingPipelineTextOnly' object has no attribute 'collection'
2026-02-23 15:05:48,982 - INFO - error: 'ChromaEmbeddingPipelineTextOnly' object has no attribute 'collection'
